#
# There is insufficient memory for the Java Runtime Environment to continue.
# Native memory allocation (mmap) failed to map 536870912 bytes for G1 virtual space
# Possible reasons:
#   The system is out of physical RAM or swap space
#   The process is running with CompressedOops enabled, and the Java Heap may be blocking the growth of the native heap
# Possible solutions:
#   Reduce memory load on the system
#   Increase physical memory or swap space
#   Check if swap backing store is full
#   Decrease Java heap size (-Xmx/-Xms)
#   Decrease number of Java threads
#   Decrease Java thread stack sizes (-Xss)
#   Set larger code cache with -XX:ReservedCodeCacheSize=
#   JVM is running with Zero Based Compressed Oops mode in which the Java heap is
#     placed in the first 32GB address space. The Java Heap base address is the
#     maximum limit for the native heap growth. Please use -XX:HeapBaseMinAddress
#     to set the Java Heap base and to place the Java Heap above 32GB virtual address.
# This output file may be truncated or incomplete.
#
#  Out of Memory Error (os_windows.cpp:3600), pid=20668, tid=16248
#
# JRE version:  (21.0+35) (build )
# Java VM: OpenJDK 64-Bit Server VM (21+35-2513, mixed mode, sharing, tiered, compressed oops, compressed class ptrs, g1 gc, windows-amd64)
# No core dump will be written. Minidumps are not enabled by default on client versions of Windows
#

---------------  S U M M A R Y ------------

Command Line: -Dfile.encoding=UTF-8 -Dstdout.encoding=UTF-8 -Dstderr.encoding=UTF-8 --module-path=C:\02WorkSpaces\01Java\JavaConsoleBankLYH\lib\ojdbc11.jar -XX:+ShowCodeDetailsInExceptionMessages banking.threeby3.Puzzle

Host: Intel(R) Core(TM) i5-10400F CPU @ 2.90GHz, 12 cores, 31G,  Windows 10 , 64 bit Build 19041 (10.0.19041.5915)
Time: Wed Oct 29 18:14:17 2025  Windows 10 , 64 bit Build 19041 (10.0.19041.5915) elapsed time: 0.005820 seconds (0d 0h 0m 0s)

---------------  T H R E A D  ---------------

Current thread (0x00000194e43f8c70):  JavaThread "Unknown thread" [_thread_in_vm, id=16248, stack(0x00000032f5500000,0x00000032f5600000) (1024K)]

Stack: [0x00000032f5500000,0x00000032f5600000]
Native frames: (J=compiled Java code, j=interpreted, Vv=VM code, C=native code)
V  [jvm.dll+0x6c8d39]
V  [jvm.dll+0x854091]
V  [jvm.dll+0x85630e]
V  [jvm.dll+0x8569e3]
V  [jvm.dll+0x2809a6]
V  [jvm.dll+0x6c5425]
V  [jvm.dll+0x6b9e1a]
V  [jvm.dll+0x3555ba]
V  [jvm.dll+0x35d206]
V  [jvm.dll+0x3adf6e]
V  [jvm.dll+0x3ae218]
V  [jvm.dll+0x328fcc]
V  [jvm.dll+0x329b5b]
V  [jvm.dll+0x81c699]
V  [jvm.dll+0x3bb2a1]
V  [jvm.dll+0x805688]
V  [jvm.dll+0x44ed9e]
V  [jvm.dll+0x4506a1]
C  [jli.dll+0x52a3]
C  [ucrtbase.dll+0x21bb2]
C  [KERNEL32.DLL+0x17374]
C  [ntdll.dll+0x4cc91]


---------------  P R O C E S S  ---------------

Threads class SMR info:
_java_thread_list=0x00007ffb0fad7b48, length=0, elements={
}

Java Threads: ( => current thread )
Total: 0

Other Threads:
  0x00000194e65ce320 WorkerThread "GC Thread#0"                     [id=16852, stack(0x00000032f5600000,0x00000032f5700000) (1024K)]
  0x00000194e65e2ad0 ConcurrentGCThread "G1 Main Marker"            [id=17976, stack(0x00000032f5700000,0x00000032f5800000) (1024K)]
  0x00000194e65e34e0 WorkerThread "G1 Conc#0"                       [id=2908, stack(0x00000032f5800000,0x00000032f5900000) (1024K)]

[error occurred during error reporting (printing all threads), id 0xc0000005, EXCEPTION_ACCESS_VIOLATION (0xc0000005) at pc=0x00007ffb0f24c097]
VM state: not at safepoint (not fully initialized)

VM Mutex/Monitor currently owned by a thread:  ([mutex/lock_event])
[0x00007ffb0fb48648] Heap_lock - owner thread: 0x00000194e43f8c70

Heap address: 0x0000000601400000, size: 8172 MB, Compressed Oops mode: Zero based, Oop shift amount: 3

CDS archive(s) mapped at: [0x0000000000000000-0x0000000000000000-0x0000000000000000), size 0, SharedBaseAddress: 0x0000000800000000, ArchiveRelocationMode: 1.
Narrow klass base: 0x0000000000000000, Narrow klass shift: 0, Narrow klass range: 0x0

GC Precious Log:
 CardTable entry size: 512
 Card Set container configuration: InlinePtr #cards 4 size 8 Array Of Cards #cards 32 size 80 Howl #buckets 8 coarsen threshold 7372 Howl Bitmap #cards 1024 size 144 coarsen threshold 921 Card regions per heap region 1 cards per card region 8192

Heap:
 garbage-first heap   total 0K, used 0K [0x0000000601400000, 0x0000000800000000)
  region size 4096K, 0 young (0K), 0 survivors (0K)

[error occurred during error reporting (printing heap information), id 0xc0000005, EXCEPTION_ACCESS_VIOLATION (0xc0000005) at pc=0x00007ffb0f631939]
GC Heap History (0 events):
No events

Dll operation events (1 events):
Event: 0.004 Loaded shared library C:\01DevelopKits\jdk-21\bin\java.dll

Deoptimization events (0 events):
No events

Classes loaded (0 events):
No events

Classes unloaded (0 events):
No events

Classes redefined (0 events):
No events

Internal exceptions (0 events):
No events

ZGC Phase Switch (0 events):
No events

VM Operations (0 events):
No events

Events (0 events):
No events


Dynamic libraries:
0x00007ff6006e0000 - 0x00007ff6006ee000 	C:\01DevelopKits\jdk-21\bin\javaw.exe
0x00007ffb5e630000 - 0x00007ffb5e828000 	C:\Windows\SYSTEM32\ntdll.dll
0x00007ffb5d4d0000 - 0x00007ffb5d592000 	C:\Windows\System32\KERNEL32.DLL
0x00007ffb5bda0000 - 0x00007ffb5c096000 	C:\Windows\System32\KERNELBASE.dll
0x00007ffb5c2a0000 - 0x00007ffb5c3a0000 	C:\Windows\System32\ucrtbase.dll
0x00007ffb43ae0000 - 0x00007ffb43af8000 	C:\01DevelopKits\jdk-21\bin\jli.dll
0x00007ffb396f0000 - 0x00007ffb3970b000 	C:\01DevelopKits\jdk-21\bin\VCRUNTIME140.dll
0x00007ffb5d6b0000 - 0x00007ffb5d851000 	C:\Windows\System32\USER32.dll
0x00007ffb5c570000 - 0x00007ffb5c592000 	C:\Windows\System32\win32u.dll
0x00007ffb51900000 - 0x00007ffb51b9b000 	C:\Windows\WinSxS\amd64_microsoft.windows.common-controls_6595b64144ccf1df_6.0.19041.6456_none_60b8a6cb71f64256\COMCTL32.dll
0x00007ffb5dac0000 - 0x00007ffb5daeb000 	C:\Windows\System32\GDI32.dll
0x00007ffb5d8c0000 - 0x00007ffb5d95e000 	C:\Windows\System32\msvcrt.dll
0x00007ffb5c3a0000 - 0x00007ffb5c4b9000 	C:\Windows\System32\gdi32full.dll
0x00007ffb5c200000 - 0x00007ffb5c29d000 	C:\Windows\System32\msvcp_win.dll
0x00007ffb5d860000 - 0x00007ffb5d88f000 	C:\Windows\System32\IMM32.DLL
0x00007ffb509a0000 - 0x00007ffb509ac000 	C:\01DevelopKits\jdk-21\bin\vcruntime140_1.dll
0x00007ffb1f340000 - 0x00007ffb1f3ce000 	C:\01DevelopKits\jdk-21\bin\msvcp140.dll
0x00007ffb0ef10000 - 0x00007ffb0fc23000 	C:\01DevelopKits\jdk-21\bin\server\jvm.dll
0x00007ffb5d0a0000 - 0x00007ffb5d151000 	C:\Windows\System32\ADVAPI32.dll
0x00007ffb5d160000 - 0x00007ffb5d1ff000 	C:\Windows\System32\sechost.dll
0x00007ffb5db50000 - 0x00007ffb5dc70000 	C:\Windows\System32\RPCRT4.dll
0x00007ffb5c540000 - 0x00007ffb5c567000 	C:\Windows\System32\bcrypt.dll
0x00007ffb5cf50000 - 0x00007ffb5cfbb000 	C:\Windows\System32\WS2_32.dll
0x00007ffb5b4d0000 - 0x00007ffb5b51b000 	C:\Windows\SYSTEM32\POWRPROF.dll
0x00007ffb51fa0000 - 0x00007ffb51fc7000 	C:\Windows\SYSTEM32\WINMM.dll
0x00007ffb56aa0000 - 0x00007ffb56aaa000 	C:\Windows\SYSTEM32\VERSION.dll
0x00007ffb5b4b0000 - 0x00007ffb5b4c2000 	C:\Windows\SYSTEM32\UMPDC.dll
0x00007ffb59b50000 - 0x00007ffb59b62000 	C:\Windows\SYSTEM32\kernel.appcore.dll
0x00007ffb455a0000 - 0x00007ffb455aa000 	C:\01DevelopKits\jdk-21\bin\jimage.dll
0x00007ffb51d00000 - 0x00007ffb51f01000 	C:\Windows\SYSTEM32\DBGHELP.DLL
0x00007ffb44170000 - 0x00007ffb441a4000 	C:\Windows\SYSTEM32\dbgcore.DLL
0x00007ffb5bcc0000 - 0x00007ffb5bd42000 	C:\Windows\System32\bcryptPrimitives.dll
0x00007ffb396d0000 - 0x00007ffb396ef000 	C:\01DevelopKits\jdk-21\bin\java.dll

dbghelp: loaded successfully - version: 4.0.5 - missing functions: none
symbol engine: initialized successfully - sym options: 0x614 - pdb path: .;C:\01DevelopKits\jdk-21\bin;C:\Windows\SYSTEM32;C:\Windows\WinSxS\amd64_microsoft.windows.common-controls_6595b64144ccf1df_6.0.19041.6456_none_60b8a6cb71f64256;C:\01DevelopKits\jdk-21\bin\server

VM Arguments:
jvm_args: -Dfile.encoding=UTF-8 -Dstdout.encoding=UTF-8 -Dstderr.encoding=UTF-8 --module-path=C:\02WorkSpaces\01Java\JavaConsoleBankLYH\lib\ojdbc11.jar -XX:+ShowCodeDetailsInExceptionMessages 
java_command: banking.threeby3.Puzzle
java_class_path (initial): C:\02WorkSpaces\01Java\JavaConsoleBankLYH\bin
Launcher Type: SUN_STANDARD

[Global flags]
     intx CICompilerCount                          = 4                                         {product} {ergonomic}
     uint ConcGCThreads                            = 3                                         {product} {ergonomic}
     uint G1ConcRefinementThreads                  = 10                                        {product} {ergonomic}
   size_t G1HeapRegionSize                         = 4194304                                   {product} {ergonomic}
    uintx GCDrainStackTargetSize                   = 64                                        {product} {ergonomic}
   size_t InitialHeapSize                          = 536870912                                 {product} {ergonomic}
   size_t MarkStackSize                            = 4194304                                   {product} {ergonomic}
   size_t MaxHeapSize                              = 8568963072                                {product} {ergonomic}
   size_t MinHeapDeltaBytes                        = 4194304                                   {product} {ergonomic}
   size_t MinHeapSize                              = 8388608                                   {product} {ergonomic}
    uintx NonNMethodCodeHeapSize                   = 5839372                                {pd product} {ergonomic}
    uintx NonProfiledCodeHeapSize                  = 122909434                              {pd product} {ergonomic}
    uintx ProfiledCodeHeapSize                     = 122909434                              {pd product} {ergonomic}
    uintx ReservedCodeCacheSize                    = 251658240                              {pd product} {ergonomic}
     bool SegmentedCodeCache                       = true                                      {product} {ergonomic}
     bool ShowCodeDetailsInExceptionMessages       = true                                   {manageable} {command line}
   size_t SoftMaxHeapSize                          = 8568963072                             {manageable} {ergonomic}
     bool UseCompressedOops                        = true                           {product lp64_product} {ergonomic}
     bool UseG1GC                                  = true                                      {product} {ergonomic}
     bool UseLargePagesIndividualAllocation        = false                                  {pd product} {ergonomic}

Logging:
Log output configuration:
 #0: stdout all=warning uptime,level,tags foldmultilines=false
 #1: stderr all=off uptime,level,tags foldmultilines=false

Environment Variables:
JAVA_HOME=C:\01DevelopKits\jdk-21
PATH=C:/01DevelopKits/eclipse-202509//plugins/org.eclipse.justj.openjdk.hotspot.jre.full.win32.x86_64_21.0.8.v20250724-1412/jre/bin/server;C:/01DevelopKits/eclipse-202509//plugins/org.eclipse.justj.openjdk.hotspot.jre.full.win32.x86_64_21.0.8.v20250724-1412/jre/bin;C:\01DevelopKits\OracleXE21\dbhomeXE\bin;C:\Windows\system32;C:\Windows;C:\Windows\System32\Wbem;C:\Windows\System32\WindowsPowerShell\v1.0\;C:\Windows\System32\OpenSSH\;C:\01DevelopKits\jdk-21\bin;C:\Program Files\Git\cmd;C:\Users\KOSMO\AppData\Local\Microsoft\WindowsApps;;C:\01DevelopKits\eclipse-202509;
USERNAME=KOSMO
OS=Windows_NT
PROCESSOR_IDENTIFIER=Intel64 Family 6 Model 165 Stepping 5, GenuineIntel
TMP=C:\Users\KOSMO\AppData\Local\Temp
TEMP=C:\Users\KOSMO\AppData\Local\Temp




---------------  S Y S T E M  ---------------

OS:
 Windows 10 , 64 bit Build 19041 (10.0.19041.5915)
OS uptime: 9 days 8:45 hours

CPU: total 12 (initial active 12) (6 cores per cpu, 2 threads per core) family 6 model 165 stepping 5 microcode 0xe2, cx8, cmov, fxsr, ht, mmx, 3dnowpref, sse, sse2, sse3, ssse3, sse4.1, sse4.2, popcnt, lzcnt, tsc, tscinvbit, avx, avx2, aes, erms, clmul, bmi1, bmi2, adx, fma, vzeroupper, clflush, clflushopt, rdtscp, f16c, pku
Processor Information for all 12 processors :
  Max Mhz: 2904, Current Mhz: 2904, Mhz Limit: 2904

Memory: 4k page, system-wide physical 32682M (19584M free)
TotalPageFile size 61183M (AvailPageFile size 160M)
current process WorkingSet (physical memory assigned to process): 10M, peak: 10M
current process commit charge ("private bytes"): 64M, peak: 576M

vm_info: OpenJDK 64-Bit Server VM (21+35-2513) for windows-amd64 JRE (21+35-2513), built on 2023-08-09T20:25:10Z by "mach5one" with MS VC++ 17.1 (VS2022)

END.
